<?xml version="1.0" encoding="UTF-8"?>
<testsuites>
  <testsuite name="" tests="285" assertions="1262" errors="0" warnings="0" failures="0" skipped="0" time="274.265804">
    <testsuite name="Unit" tests="1" assertions="1" errors="0" warnings="0" failures="0" skipped="0" time="0.002130">
      <testsuite name="Tests\Unit\ExampleTest" file="/var/www/tests/Unit/ExampleTest.php" tests="1" assertions="1" errors="0" warnings="0" failures="0" skipped="0" time="0.002130">
        <testcase name="testBasicTest" class="Tests\Unit\ExampleTest" classname="Tests.Unit.ExampleTest" file="/var/www/tests/Unit/ExampleTest.php" line="14" assertions="1" time="0.002130"/>
      </testsuite>
    </testsuite>
    <testsuite name="Feature" tests="284" assertions="1261" errors="0" warnings="0" failures="0" skipped="0" time="274.263674">
      <testsuite name="Tests\Feature\AssetBundle\AssetBundleTest" file="/var/www/tests/Feature/AssetBundle/AssetBundleTest.php" tests="17" assertions="112" errors="0" warnings="0" failures="0" skipped="0" time="29.801612">
        <testcase name="testGetAssetBundleWithoutAuth" class="Tests\Feature\AssetBundle\AssetBundleTest" classname="Tests.Feature.AssetBundle.AssetBundleTest" file="/var/www/tests/Feature/AssetBundle/AssetBundleTest.php" line="43" assertions="5" time="17.428385"/>
        <testcase name="testPostAssetBundleWithoutAuth" class="Tests\Feature\AssetBundle\AssetBundleTest" classname="Tests.Feature.AssetBundle.AssetBundleTest" file="/var/www/tests/Feature/AssetBundle/AssetBundleTest.php" line="53" assertions="5" time="0.633900"/>
        <testcase name="testPutAssetBundleWithoutAuth" class="Tests\Feature\AssetBundle\AssetBundleTest" classname="Tests.Feature.AssetBundle.AssetBundleTest" file="/var/www/tests/Feature/AssetBundle/AssetBundleTest.php" line="63" assertions="5" time="0.616329"/>
        <testcase name="testDeleteAssetBundleWithoutAuth" class="Tests\Feature\AssetBundle\AssetBundleTest" classname="Tests.Feature.AssetBundle.AssetBundleTest" file="/var/www/tests/Feature/AssetBundle/AssetBundleTest.php" line="73" assertions="5" time="0.601013"/>
        <testcase name="testGetAssetBundle" class="Tests\Feature\AssetBundle\AssetBundleTest" classname="Tests.Feature.AssetBundle.AssetBundleTest" file="/var/www/tests/Feature/AssetBundle/AssetBundleTest.php" line="85" assertions="8" time="0.916414"/>
        <testcase name="testGetAssetBundleById" class="Tests\Feature\AssetBundle\AssetBundleTest" classname="Tests.Feature.AssetBundle.AssetBundleTest" file="/var/www/tests/Feature/AssetBundle/AssetBundleTest.php" line="100" assertions="8" time="0.864359"/>
        <testcase name="testDeleteAssetBundle" class="Tests\Feature\AssetBundle\AssetBundleTest" classname="Tests.Feature.AssetBundle.AssetBundleTest" file="/var/www/tests/Feature/AssetBundle/AssetBundleTest.php" line="116" assertions="6" time="0.814843"/>
        <testcase name="testDeleteAssetBundleForUser" class="Tests\Feature\AssetBundle\AssetBundleTest" classname="Tests.Feature.AssetBundle.AssetBundleTest" file="/var/www/tests/Feature/AssetBundle/AssetBundleTest.php" line="133" assertions="5" time="0.779229"/>
        <testcase name="testPostAssetBundle" class="Tests\Feature\AssetBundle\AssetBundleTest" classname="Tests.Feature.AssetBundle.AssetBundleTest" file="/var/www/tests/Feature/AssetBundle/AssetBundleTest.php" line="148" assertions="8" time="0.728938"/>
        <testcase name="testPostAssetBundleForUser" class="Tests\Feature\AssetBundle\AssetBundleTest" classname="Tests.Feature.AssetBundle.AssetBundleTest" file="/var/www/tests/Feature/AssetBundle/AssetBundleTest.php" line="175" assertions="5" time="0.787217"/>
        <testcase name="testPostAssetBundleWithoutData" class="Tests\Feature\AssetBundle\AssetBundleTest" classname="Tests.Feature.AssetBundle.AssetBundleTest" file="/var/www/tests/Feature/AssetBundle/AssetBundleTest.php" line="198" assertions="5" time="0.805904"/>
        <testcase name="testPostAssetBundleWithWrongData" class="Tests\Feature\AssetBundle\AssetBundleTest" classname="Tests.Feature.AssetBundle.AssetBundleTest" file="/var/www/tests/Feature/AssetBundle/AssetBundleTest.php" line="212" assertions="12" time="0.741016"/>
        <testcase name="testUpdateAssetBundle" class="Tests\Feature\AssetBundle\AssetBundleTest" classname="Tests.Feature.AssetBundle.AssetBundleTest" file="/var/www/tests/Feature/AssetBundle/AssetBundleTest.php" line="244" assertions="8" time="0.847141"/>
        <testcase name="testUpdateAssetBundleForUser" class="Tests\Feature\AssetBundle\AssetBundleTest" classname="Tests.Feature.AssetBundle.AssetBundleTest" file="/var/www/tests/Feature/AssetBundle/AssetBundleTest.php" line="265" assertions="5" time="0.914849"/>
        <testcase name="testUpdateAssetBundleWithWrongData" class="Tests\Feature\AssetBundle\AssetBundleTest" classname="Tests.Feature.AssetBundle.AssetBundleTest" file="/var/www/tests/Feature/AssetBundle/AssetBundleTest.php" line="290" assertions="9" time="0.800333"/>
        <testcase name="testUpdateAssetBundleNotFound" class="Tests\Feature\AssetBundle\AssetBundleTest" classname="Tests.Feature.AssetBundle.AssetBundleTest" file="/var/www/tests/Feature/AssetBundle/AssetBundleTest.php" line="313" assertions="5" time="0.723066"/>
        <testcase name="testFilterAssetBundle" class="Tests\Feature\AssetBundle\AssetBundleTest" classname="Tests.Feature.AssetBundle.AssetBundleTest" file="/var/www/tests/Feature/AssetBundle/AssetBundleTest.php" line="327" assertions="8" time="0.798676"/>
      </testsuite>
      <testsuite name="Tests\Feature\Auth\AuthTest" file="/var/www/tests/Feature/Auth/AuthTest.php" tests="5" assertions="12" errors="0" warnings="0" failures="0" skipped="0" time="4.063046">
        <testcase name="testRegister" class="Tests\Feature\Auth\AuthTest" classname="Tests.Feature.Auth.AuthTest" file="/var/www/tests/Feature/Auth/AuthTest.php" line="48" assertions="2" time="0.826758"/>
        <testcase name="testRegisterWithWrongData" class="Tests\Feature\Auth\AuthTest" classname="Tests.Feature.Auth.AuthTest" file="/var/www/tests/Feature/Auth/AuthTest.php" line="68" assertions="1" time="0.671210"/>
        <testcase name="testResetPassword" class="Tests\Feature\Auth\AuthTest" classname="Tests.Feature.Auth.AuthTest" file="/var/www/tests/Feature/Auth/AuthTest.php" line="85" assertions="4" time="0.997264"/>
        <testcase name="testLogout" class="Tests\Feature\Auth\AuthTest" classname="Tests.Feature.Auth.AuthTest" file="/var/www/tests/Feature/Auth/AuthTest.php" line="126" assertions="4" time="0.843079"/>
        <testcase name="testLogoutWithoutRights" class="Tests\Feature\Auth\AuthTest" classname="Tests.Feature.Auth.AuthTest" file="/var/www/tests/Feature/Auth/AuthTest.php" line="143" assertions="1" time="0.724735"/>
      </testsuite>
      <testsuite name="Tests\Feature\Brand\BrandTest" file="/var/www/tests/Feature/Brand/BrandTest.php" tests="13" assertions="90" errors="0" warnings="0" failures="0" skipped="0" time="9.847209">
        <testcase name="testGetBrandWithoutAuth" class="Tests\Feature\Brand\BrandTest" classname="Tests.Feature.Brand.BrandTest" file="/var/www/tests/Feature/Brand/BrandTest.php" line="44" assertions="5" time="0.658486"/>
        <testcase name="testPostBrandWithoutAuth" class="Tests\Feature\Brand\BrandTest" classname="Tests.Feature.Brand.BrandTest" file="/var/www/tests/Feature/Brand/BrandTest.php" line="54" assertions="5" time="0.799610"/>
        <testcase name="testDeleteBrandWithoutAuth" class="Tests\Feature\Brand\BrandTest" classname="Tests.Feature.Brand.BrandTest" file="/var/www/tests/Feature/Brand/BrandTest.php" line="64" assertions="5" time="0.638135"/>
        <testcase name="testGetBrand" class="Tests\Feature\Brand\BrandTest" classname="Tests.Feature.Brand.BrandTest" file="/var/www/tests/Feature/Brand/BrandTest.php" line="74" assertions="8" time="0.759282"/>
        <testcase name="testGetBrandById" class="Tests\Feature\Brand\BrandTest" classname="Tests.Feature.Brand.BrandTest" file="/var/www/tests/Feature/Brand/BrandTest.php" line="89" assertions="8" time="0.773524"/>
        <testcase name="testPostBrandWithWrongData" class="Tests\Feature\Brand\BrandTest" classname="Tests.Feature.Brand.BrandTest" file="/var/www/tests/Feature/Brand/BrandTest.php" line="105" assertions="11" time="0.794862"/>
        <testcase name="testPostBrandWithoutData" class="Tests\Feature\Brand\BrandTest" classname="Tests.Feature.Brand.BrandTest" file="/var/www/tests/Feature/Brand/BrandTest.php" line="128" assertions="5" time="0.760797"/>
        <testcase name="testPostBrand" class="Tests\Feature\Brand\BrandTest" classname="Tests.Feature.Brand.BrandTest" file="/var/www/tests/Feature/Brand/BrandTest.php" line="142" assertions="9" time="0.749539"/>
        <testcase name="testPostBrandForUser" class="Tests\Feature\Brand\BrandTest" classname="Tests.Feature.Brand.BrandTest" file="/var/www/tests/Feature/Brand/BrandTest.php" line="174" assertions="5" time="0.775104"/>
        <testcase name="testDeleteBrand" class="Tests\Feature\Brand\BrandTest" classname="Tests.Feature.Brand.BrandTest" file="/var/www/tests/Feature/Brand/BrandTest.php" line="200" assertions="7" time="0.860645"/>
        <testcase name="testDeleteBrandForUser" class="Tests\Feature\Brand\BrandTest" classname="Tests.Feature.Brand.BrandTest" file="/var/www/tests/Feature/Brand/BrandTest.php" line="217" assertions="5" time="0.777240"/>
        <testcase name="testDeleteBrandNotFound" class="Tests\Feature\Brand\BrandTest" classname="Tests.Feature.Brand.BrandTest" file="/var/www/tests/Feature/Brand/BrandTest.php" line="231" assertions="5" time="0.731620"/>
        <testcase name="testFilterBrand" class="Tests\Feature\Brand\BrandTest" classname="Tests.Feature.Brand.BrandTest" file="/var/www/tests/Feature/Brand/BrandTest.php" line="244" assertions="12" time="0.768365"/>
      </testsuite>
      <testsuite name="Tests\Feature\Broadcast\BroadcastTest" file="/var/www/tests/Feature/Broadcast/BroadcastTest.php" tests="13" assertions="62" errors="0" warnings="0" failures="0" skipped="0" time="13.936268">
        <testcase name="testGetBroadcastWithoutAuth" class="Tests\Feature\Broadcast\BroadcastTest" classname="Tests.Feature.Broadcast.BroadcastTest" file="/var/www/tests/Feature/Broadcast/BroadcastTest.php" line="41" assertions="3" time="0.647063"/>
        <testcase name="testPostBroadcastWithoutAuth" class="Tests\Feature\Broadcast\BroadcastTest" classname="Tests.Feature.Broadcast.BroadcastTest" file="/var/www/tests/Feature/Broadcast/BroadcastTest.php" line="51" assertions="3" time="0.699872"/>
        <testcase name="testPutBroadcastWithoutAuth" class="Tests\Feature\Broadcast\BroadcastTest" classname="Tests.Feature.Broadcast.BroadcastTest" file="/var/www/tests/Feature/Broadcast/BroadcastTest.php" line="61" assertions="3" time="0.807424"/>
        <testcase name="testDeleteBroadcastWithoutAuth" class="Tests\Feature\Broadcast\BroadcastTest" classname="Tests.Feature.Broadcast.BroadcastTest" file="/var/www/tests/Feature/Broadcast/BroadcastTest.php" line="72" assertions="3" time="0.804685"/>
        <testcase name="testGetBroadcast" class="Tests\Feature\Broadcast\BroadcastTest" classname="Tests.Feature.Broadcast.BroadcastTest" file="/var/www/tests/Feature/Broadcast/BroadcastTest.php" line="84" assertions="6" time="1.227874"/>
        <testcase name="testGetBroadcastById" class="Tests\Feature\Broadcast\BroadcastTest" classname="Tests.Feature.Broadcast.BroadcastTest" file="/var/www/tests/Feature/Broadcast/BroadcastTest.php" line="101" assertions="6" time="1.255380"/>
        <testcase name="testPutBroadcastById" class="Tests\Feature\Broadcast\BroadcastTest" classname="Tests.Feature.Broadcast.BroadcastTest" file="/var/www/tests/Feature/Broadcast/BroadcastTest.php" line="119" assertions="6" time="1.375116"/>
        <testcase name="testPutBroadcastByIdForUser" class="Tests\Feature\Broadcast\BroadcastTest" classname="Tests.Feature.Broadcast.BroadcastTest" file="/var/www/tests/Feature/Broadcast/BroadcastTest.php" line="144" assertions="3" time="0.993217"/>
        <testcase name="testPutBroadcastByIdWithWrongData" class="Tests\Feature\Broadcast\BroadcastTest" classname="Tests.Feature.Broadcast.BroadcastTest" file="/var/www/tests/Feature/Broadcast/BroadcastTest.php" line="160" assertions="5" time="1.047838"/>
        <testcase name="testDeleteBroadcastById" class="Tests\Feature\Broadcast\BroadcastTest" classname="Tests.Feature.Broadcast.BroadcastTest" file="/var/www/tests/Feature/Broadcast/BroadcastTest.php" line="180" assertions="5" time="0.955851"/>
        <testcase name="testDeleteBroadcastByIdForUser" class="Tests\Feature\Broadcast\BroadcastTest" classname="Tests.Feature.Broadcast.BroadcastTest" file="/var/www/tests/Feature/Broadcast/BroadcastTest.php" line="199" assertions="3" time="0.928992"/>
        <testcase name="testAddTagsToBroadcast" class="Tests\Feature\Broadcast\BroadcastTest" classname="Tests.Feature.Broadcast.BroadcastTest" file="/var/www/tests/Feature/Broadcast/BroadcastTest.php" line="215" assertions="10" time="1.022212"/>
        <testcase name="testFilterBroadcast" class="Tests\Feature\Broadcast\BroadcastTest" classname="Tests.Feature.Broadcast.BroadcastTest" file="/var/www/tests/Feature/Broadcast/BroadcastTest.php" line="241" assertions="6" time="2.170744"/>
      </testsuite>
      <testsuite name="Tests\Feature\DirectChat\ChatRoomMessageTest" file="/var/www/tests/Feature/DirectChat/ChatRoomMessageTest.php" tests="8" assertions="33" errors="0" warnings="0" failures="0" skipped="0" time="7.095311">
        <testcase name="testGetChatRoomMessage" class="Tests\Feature\DirectChat\ChatRoomMessageTest" classname="Tests.Feature.DirectChat.ChatRoomMessageTest" file="/var/www/tests/Feature/DirectChat/ChatRoomMessageTest.php" line="57" assertions="5" time="0.845602"/>
        <testcase name="testGetChatRoomMessageByID" class="Tests\Feature\DirectChat\ChatRoomMessageTest" classname="Tests.Feature.DirectChat.ChatRoomMessageTest" file="/var/www/tests/Feature/DirectChat/ChatRoomMessageTest.php" line="75" assertions="5" time="0.825996"/>
        <testcase name="testPostChatRoomMessage" class="Tests\Feature\DirectChat\ChatRoomMessageTest" classname="Tests.Feature.DirectChat.ChatRoomMessageTest" file="/var/www/tests/Feature/DirectChat/ChatRoomMessageTest.php" line="92" assertions="5" time="1.141226"/>
        <testcase name="testPostChatRoomMessageWithoutData" class="Tests\Feature\DirectChat\ChatRoomMessageTest" classname="Tests.Feature.DirectChat.ChatRoomMessageTest" file="/var/www/tests/Feature/DirectChat/ChatRoomMessageTest.php" line="110" assertions="2" time="0.812953"/>
        <testcase name="testPutChatRoomMessage" class="Tests\Feature\DirectChat\ChatRoomMessageTest" classname="Tests.Feature.DirectChat.ChatRoomMessageTest" file="/var/www/tests/Feature/DirectChat/ChatRoomMessageTest.php" line="120" assertions="6" time="0.829748"/>
        <testcase name="testPutOtherChatRoomMessage" class="Tests\Feature\DirectChat\ChatRoomMessageTest" classname="Tests.Feature.DirectChat.ChatRoomMessageTest" file="/var/www/tests/Feature/DirectChat/ChatRoomMessageTest.php" line="140" assertions="2" time="1.029100"/>
        <testcase name="testPutChatRoomMessageWithoutData" class="Tests\Feature\DirectChat\ChatRoomMessageTest" classname="Tests.Feature.DirectChat.ChatRoomMessageTest" file="/var/www/tests/Feature/DirectChat/ChatRoomMessageTest.php" line="157" assertions="4" time="0.807466"/>
        <testcase name="testDeleteChatRoomMessage" class="Tests\Feature\DirectChat\ChatRoomMessageTest" classname="Tests.Feature.DirectChat.ChatRoomMessageTest" file="/var/www/tests/Feature/DirectChat/ChatRoomMessageTest.php" line="173" assertions="4" time="0.803220"/>
      </testsuite>
      <testsuite name="Tests\Feature\DirectChat\ChatRoomTest" file="/var/www/tests/Feature/DirectChat/ChatRoomTest.php" tests="22" assertions="70" errors="0" warnings="0" failures="0" skipped="0" time="24.996994">
        <testcase name="testGetChatRoomWithoutAuth" class="Tests\Feature\DirectChat\ChatRoomTest" classname="Tests.Feature.DirectChat.ChatRoomTest" file="/var/www/tests/Feature/DirectChat/ChatRoomTest.php" line="30" assertions="2" time="0.743269"/>
        <testcase name="testPostChatRoomWithoutAuth" class="Tests\Feature\DirectChat\ChatRoomTest" classname="Tests.Feature.DirectChat.ChatRoomTest" file="/var/www/tests/Feature/DirectChat/ChatRoomTest.php" line="40" assertions="2" time="0.767221"/>
        <testcase name="testPutChatRoomWithoutAuth" class="Tests\Feature\DirectChat\ChatRoomTest" classname="Tests.Feature.DirectChat.ChatRoomTest" file="/var/www/tests/Feature/DirectChat/ChatRoomTest.php" line="50" assertions="2" time="0.820608"/>
        <testcase name="testDeleteChatRoomWithoutAuth" class="Tests\Feature\DirectChat\ChatRoomTest" classname="Tests.Feature.DirectChat.ChatRoomTest" file="/var/www/tests/Feature/DirectChat/ChatRoomTest.php" line="62" assertions="2" time="0.810375"/>
        <testcase name="testPostAddUserToChatRoomWithoutAuth" class="Tests\Feature\DirectChat\ChatRoomTest" classname="Tests.Feature.DirectChat.ChatRoomTest" file="/var/www/tests/Feature/DirectChat/ChatRoomTest.php" line="74" assertions="2" time="0.883771"/>
        <testcase name="testDeleteUserFromChatRoomWithoutAuth" class="Tests\Feature\DirectChat\ChatRoomTest" classname="Tests.Feature.DirectChat.ChatRoomTest" file="/var/www/tests/Feature/DirectChat/ChatRoomTest.php" line="86" assertions="2" time="1.031247"/>
        <testcase name="testGetChatRoom" class="Tests\Feature\DirectChat\ChatRoomTest" classname="Tests.Feature.DirectChat.ChatRoomTest" file="/var/www/tests/Feature/DirectChat/ChatRoomTest.php" line="98" assertions="5" time="0.957925"/>
        <testcase name="testGetChatRoomById" class="Tests\Feature\DirectChat\ChatRoomTest" classname="Tests.Feature.DirectChat.ChatRoomTest" file="/var/www/tests/Feature/DirectChat/ChatRoomTest.php" line="115" assertions="5" time="0.949212"/>
        <testcase name="testPostChatRoomGroup" class="Tests\Feature\DirectChat\ChatRoomTest" classname="Tests.Feature.DirectChat.ChatRoomTest" file="/var/www/tests/Feature/DirectChat/ChatRoomTest.php" line="136" assertions="5" time="2.257313"/>
        <testcase name="testPostChatRoomDirect" class="Tests\Feature\DirectChat\ChatRoomTest" classname="Tests.Feature.DirectChat.ChatRoomTest" file="/var/www/tests/Feature/DirectChat/ChatRoomTest.php" line="173" assertions="5" time="1.028812"/>
        <testcase name="testPostChatRoomDirectWithMoreUsers" class="Tests\Feature\DirectChat\ChatRoomTest" classname="Tests.Feature.DirectChat.ChatRoomTest" file="/var/www/tests/Feature/DirectChat/ChatRoomTest.php" line="208" assertions="2" time="2.177930"/>
        <testcase name="testPostChatRoomDirectWithFakeUsers" class="Tests\Feature\DirectChat\ChatRoomTest" classname="Tests.Feature.DirectChat.ChatRoomTest" file="/var/www/tests/Feature/DirectChat/ChatRoomTest.php" line="232" assertions="2" time="1.038442"/>
        <testcase name="testPostChatRoomGroupWithoutName" class="Tests\Feature\DirectChat\ChatRoomTest" classname="Tests.Feature.DirectChat.ChatRoomTest" file="/var/www/tests/Feature/DirectChat/ChatRoomTest.php" line="250" assertions="4" time="2.187778"/>
        <testcase name="testPutChatRoomById" class="Tests\Feature\DirectChat\ChatRoomTest" classname="Tests.Feature.DirectChat.ChatRoomTest" file="/var/www/tests/Feature/DirectChat/ChatRoomTest.php" line="273" assertions="5" time="1.015132"/>
        <testcase name="testPutChatRoomWithoutData" class="Tests\Feature\DirectChat\ChatRoomTest" classname="Tests.Feature.DirectChat.ChatRoomTest" file="/var/www/tests/Feature/DirectChat/ChatRoomTest.php" line="298" assertions="2" time="0.741297"/>
        <testcase name="testPutChatRoomWithWrongData" class="Tests\Feature\DirectChat\ChatRoomTest" classname="Tests.Feature.DirectChat.ChatRoomTest" file="/var/www/tests/Feature/DirectChat/ChatRoomTest.php" line="323" assertions="4" time="0.757972"/>
        <testcase name="testDeleteChatRoom" class="Tests\Feature\DirectChat\ChatRoomTest" classname="Tests.Feature.DirectChat.ChatRoomTest" file="/var/www/tests/Feature/DirectChat/ChatRoomTest.php" line="352" assertions="4" time="0.786946"/>
        <testcase name="testDeleteChatRoomForSimpleUser" class="Tests\Feature\DirectChat\ChatRoomTest" classname="Tests.Feature.DirectChat.ChatRoomTest" file="/var/www/tests/Feature/DirectChat/ChatRoomTest.php" line="379" assertions="2" time="0.803245"/>
        <testcase name="testAddEditChatRoom" class="Tests\Feature\DirectChat\ChatRoomTest" classname="Tests.Feature.DirectChat.ChatRoomTest" file="/var/www/tests/Feature/DirectChat/ChatRoomTest.php" line="402" assertions="3" time="0.907544"/>
        <testcase name="testAddEditChatRoomBadRequest" class="Tests\Feature\DirectChat\ChatRoomTest" classname="Tests.Feature.DirectChat.ChatRoomTest" file="/var/www/tests/Feature/DirectChat/ChatRoomTest.php" line="441" assertions="2" time="0.757884"/>
        <testcase name="testDeleteUserChatRoom" class="Tests\Feature\DirectChat\ChatRoomTest" classname="Tests.Feature.DirectChat.ChatRoomTest" file="/var/www/tests/Feature/DirectChat/ChatRoomTest.php" line="468" assertions="3" time="1.502067"/>
        <testcase name="testFilterChatRoom" class="Tests\Feature\DirectChat\ChatRoomTest" classname="Tests.Feature.DirectChat.ChatRoomTest" file="/var/www/tests/Feature/DirectChat/ChatRoomTest.php" line="516" assertions="5" time="2.071005"/>
      </testsuite>
      <testsuite name="Tests\Feature\Discoverable\DiscoverableTest" file="/var/www/tests/Feature/Discoverable/DiscoverableTest.php" tests="11" assertions="37" errors="0" warnings="0" failures="0" skipped="0" time="8.376158">
        <testcase name="testGetDiscoverableWithoutAuth" class="Tests\Feature\Discoverable\DiscoverableTest" classname="Tests.Feature.Discoverable.DiscoverableTest" file="/var/www/tests/Feature/Discoverable/DiscoverableTest.php" line="28" assertions="2" time="0.652194"/>
        <testcase name="testPostDiscoverableWithoutAuth" class="Tests\Feature\Discoverable\DiscoverableTest" classname="Tests.Feature.Discoverable.DiscoverableTest" file="/var/www/tests/Feature/Discoverable/DiscoverableTest.php" line="38" assertions="2" time="0.663983"/>
        <testcase name="testPutDiscoverableWithoutAuth" class="Tests\Feature\Discoverable\DiscoverableTest" classname="Tests.Feature.Discoverable.DiscoverableTest" file="/var/www/tests/Feature/Discoverable/DiscoverableTest.php" line="48" assertions="2" time="0.700116"/>
        <testcase name="testDeleteDiscoverableWithoutAuth" class="Tests\Feature\Discoverable\DiscoverableTest" classname="Tests.Feature.Discoverable.DiscoverableTest" file="/var/www/tests/Feature/Discoverable/DiscoverableTest.php" line="60" assertions="2" time="0.799322"/>
        <testcase name="testGetDiscoverable" class="Tests\Feature\Discoverable\DiscoverableTest" classname="Tests.Feature.Discoverable.DiscoverableTest" file="/var/www/tests/Feature/Discoverable/DiscoverableTest.php" line="69" assertions="5" time="0.859776"/>
        <testcase name="testPostDiscoverable" class="Tests\Feature\Discoverable\DiscoverableTest" classname="Tests.Feature.Discoverable.DiscoverableTest" file="/var/www/tests/Feature/Discoverable/DiscoverableTest.php" line="86" assertions="5" time="0.793774"/>
        <testcase name="testPostDiscoverableWithWrongData" class="Tests\Feature\Discoverable\DiscoverableTest" classname="Tests.Feature.Discoverable.DiscoverableTest" file="/var/www/tests/Feature/Discoverable/DiscoverableTest.php" line="113" assertions="7" time="0.763311"/>
        <testcase name="testPutDiscoverable" class="Tests\Feature\Discoverable\DiscoverableTest" classname="Tests.Feature.Discoverable.DiscoverableTest" file="/var/www/tests/Feature/Discoverable/DiscoverableTest.php" line="135" assertions="5" time="0.767132"/>
        <testcase name="testPutDiscoverableWithWrongSecret" class="Tests\Feature\Discoverable\DiscoverableTest" classname="Tests.Feature.Discoverable.DiscoverableTest" file="/var/www/tests/Feature/Discoverable/DiscoverableTest.php" line="159" assertions="2" time="0.782961"/>
        <testcase name="testDeleteDiscoverable" class="Tests\Feature\Discoverable\DiscoverableTest" classname="Tests.Feature.Discoverable.DiscoverableTest" file="/var/www/tests/Feature/Discoverable/DiscoverableTest.php" line="182" assertions="3" time="0.797516"/>
        <testcase name="testDeleteDiscoverableWithoutSecret" class="Tests\Feature\Discoverable\DiscoverableTest" classname="Tests.Feature.Discoverable.DiscoverableTest" file="/var/www/tests/Feature/Discoverable/DiscoverableTest.php" line="199" assertions="2" time="0.796073"/>
      </testsuite>
      <testsuite name="Tests\Feature\Fence\FenceTest" file="/var/www/tests/Feature/Fence/FenceTest.php" tests="22" assertions="64" errors="0" warnings="0" failures="0" skipped="0" time="21.119560">
        <testcase name="testGetFenceWithoutAuth" class="Tests\Feature\Fence\FenceTest" classname="Tests.Feature.Fence.FenceTest" file="/var/www/tests/Feature/Fence/FenceTest.php" line="29" assertions="2" time="0.610301"/>
        <testcase name="testCheckFenceWithoutAuth" class="Tests\Feature\Fence\FenceTest" classname="Tests.Feature.Fence.FenceTest" file="/var/www/tests/Feature/Fence/FenceTest.php" line="39" assertions="2" time="0.710073"/>
        <testcase name="testPostFenceWithoutAuth" class="Tests\Feature\Fence\FenceTest" classname="Tests.Feature.Fence.FenceTest" file="/var/www/tests/Feature/Fence/FenceTest.php" line="49" assertions="2" time="0.753211"/>
        <testcase name="testPutFenceWithoutAuth" class="Tests\Feature\Fence\FenceTest" classname="Tests.Feature.Fence.FenceTest" file="/var/www/tests/Feature/Fence/FenceTest.php" line="59" assertions="2" time="0.809961"/>
        <testcase name="testDeleteFenceWithoutAuth" class="Tests\Feature\Fence\FenceTest" classname="Tests.Feature.Fence.FenceTest" file="/var/www/tests/Feature/Fence/FenceTest.php" line="71" assertions="2" time="0.780417"/>
        <testcase name="testGetFence" class="Tests\Feature\Fence\FenceTest" classname="Tests.Feature.Fence.FenceTest" file="/var/www/tests/Feature/Fence/FenceTest.php" line="83" assertions="5" time="0.922950"/>
        <testcase name="testGetFenceById" class="Tests\Feature\Fence\FenceTest" classname="Tests.Feature.Fence.FenceTest" file="/var/www/tests/Feature/Fence/FenceTest.php" line="97" assertions="5" time="0.906753"/>
        <testcase name="testCheckFence" class="Tests\Feature\Fence\FenceTest" classname="Tests.Feature.Fence.FenceTest" file="/var/www/tests/Feature/Fence/FenceTest.php" line="113" assertions="5" time="0.922650"/>
        <testcase name="testCheckFenceWithWrongData" class="Tests\Feature\Fence\FenceTest" classname="Tests.Feature.Fence.FenceTest" file="/var/www/tests/Feature/Fence/FenceTest.php" line="128" assertions="2" time="1.035256"/>
        <testcase name="testPostFence" class="Tests\Feature\Fence\FenceTest" classname="Tests.Feature.Fence.FenceTest" file="/var/www/tests/Feature/Fence/FenceTest.php" line="143" assertions="5" time="0.972548"/>
        <testcase name="testPostFenceForUser" class="Tests\Feature\Fence\FenceTest" classname="Tests.Feature.Fence.FenceTest" file="/var/www/tests/Feature/Fence/FenceTest.php" line="162" assertions="2" time="0.930816"/>
        <testcase name="testPostFenceWithoutData" class="Tests\Feature\Fence\FenceTest" classname="Tests.Feature.Fence.FenceTest" file="/var/www/tests/Feature/Fence/FenceTest.php" line="182" assertions="2" time="0.841553"/>
        <testcase name="testPostFenceWithWrongData" class="Tests\Feature\Fence\FenceTest" classname="Tests.Feature.Fence.FenceTest" file="/var/www/tests/Feature/Fence/FenceTest.php" line="196" assertions="5" time="0.950316"/>
        <testcase name="testPutFence" class="Tests\Feature\Fence\FenceTest" classname="Tests.Feature.Fence.FenceTest" file="/var/www/tests/Feature/Fence/FenceTest.php" line="219" assertions="5" time="1.221917"/>
        <testcase name="testPutFenceForUser" class="Tests\Feature\Fence\FenceTest" classname="Tests.Feature.Fence.FenceTest" file="/var/www/tests/Feature/Fence/FenceTest.php" line="240" assertions="2" time="1.127886"/>
        <testcase name="testPutFenceWithoutData" class="Tests\Feature\Fence\FenceTest" classname="Tests.Feature.Fence.FenceTest" file="/var/www/tests/Feature/Fence/FenceTest.php" line="260" assertions="2" time="0.919258"/>
        <testcase name="testPutFenceWithWrongData" class="Tests\Feature\Fence\FenceTest" classname="Tests.Feature.Fence.FenceTest" file="/var/www/tests/Feature/Fence/FenceTest.php" line="274" assertions="2" time="1.084635"/>
        <testcase name="testPutFenceNotFound" class="Tests\Feature\Fence\FenceTest" classname="Tests.Feature.Fence.FenceTest" file="/var/www/tests/Feature/Fence/FenceTest.php" line="299" assertions="2" time="0.965842"/>
        <testcase name="testDeleteFence" class="Tests\Feature\Fence\FenceTest" classname="Tests.Feature.Fence.FenceTest" file="/var/www/tests/Feature/Fence/FenceTest.php" line="317" assertions="3" time="0.926638"/>
        <testcase name="testDeleteFenceForUSer" class="Tests\Feature\Fence\FenceTest" classname="Tests.Feature.Fence.FenceTest" file="/var/www/tests/Feature/Fence/FenceTest.php" line="336" assertions="2" time="0.909700"/>
        <testcase name="testDeleteFenceNotFound" class="Tests\Feature\Fence\FenceTest" classname="Tests.Feature.Fence.FenceTest" file="/var/www/tests/Feature/Fence/FenceTest.php" line="351" assertions="2" time="0.778127"/>
        <testcase name="testFilterBrand" class="Tests\Feature\Fence\FenceTest" classname="Tests.Feature.Fence.FenceTest" file="/var/www/tests/Feature/Fence/FenceTest.php" line="365" assertions="3" time="2.038752"/>
      </testsuite>
      <testsuite name="Tests\Feature\LocationChat\LocationChatTest" file="/var/www/tests/Feature/LocationChat/LocationChatTest.php" tests="4" assertions="20" errors="0" warnings="0" failures="0" skipped="0" time="3.336093">
        <testcase name="testPostLocationChat" class="Tests\Feature\LocationChat\LocationChatTest" classname="Tests.Feature.LocationChat.LocationChatTest" file="/var/www/tests/Feature/LocationChat/LocationChatTest.php" line="41" assertions="6" time="0.807236"/>
        <testcase name="testPostLocationChatWithoutAuth" class="Tests\Feature\LocationChat\LocationChatTest" classname="Tests.Feature.LocationChat.LocationChatTest" file="/var/www/tests/Feature/LocationChat/LocationChatTest.php" line="67" assertions="4" time="0.697475"/>
        <testcase name="testPostLocationChatWithoutData" class="Tests\Feature\LocationChat\LocationChatTest" classname="Tests.Feature.LocationChat.LocationChatTest" file="/var/www/tests/Feature/LocationChat/LocationChatTest.php" line="82" assertions="5" time="0.903392"/>
        <testcase name="testPostLocationChatWithWrongData" class="Tests\Feature\LocationChat\LocationChatTest" classname="Tests.Feature.LocationChat.LocationChatTest" file="/var/www/tests/Feature/LocationChat/LocationChatTest.php" line="96" assertions="5" time="0.927990"/>
      </testsuite>
      <testsuite name="Tests\Feature\MagicPin\MagicPinTest" file="/var/www/tests/Feature/MagicPin/MagicPinTest.php" tests="12" assertions="72" errors="0" warnings="0" failures="0" skipped="0" time="9.337981">
        <testcase name="testGetMagicPinWithoutAuth" class="Tests\Feature\MagicPin\MagicPinTest" classname="Tests.Feature.MagicPin.MagicPinTest" file="/var/www/tests/Feature/MagicPin/MagicPinTest.php" line="43" assertions="5" time="0.685631"/>
        <testcase name="testPostMagicPinWithoutAuth" class="Tests\Feature\MagicPin\MagicPinTest" classname="Tests.Feature.MagicPin.MagicPinTest" file="/var/www/tests/Feature/MagicPin/MagicPinTest.php" line="53" assertions="5" time="0.619433"/>
        <testcase name="testDeleteMagicPinWithoutAuth" class="Tests\Feature\MagicPin\MagicPinTest" classname="Tests.Feature.MagicPin.MagicPinTest" file="/var/www/tests/Feature/MagicPin/MagicPinTest.php" line="63" assertions="5" time="0.614811"/>
        <testcase name="testGetMagicPin" class="Tests\Feature\MagicPin\MagicPinTest" classname="Tests.Feature.MagicPin.MagicPinTest" file="/var/www/tests/Feature/MagicPin/MagicPinTest.php" line="73" assertions="8" time="0.801864"/>
        <testcase name="testGetMagicPinById" class="Tests\Feature\MagicPin\MagicPinTest" classname="Tests.Feature.MagicPin.MagicPinTest" file="/var/www/tests/Feature/MagicPin/MagicPinTest.php" line="89" assertions="8" time="0.827155"/>
        <testcase name="testPostMagicPinWithWrongData" class="Tests\Feature\MagicPin\MagicPinTest" classname="Tests.Feature.MagicPin.MagicPinTest" file="/var/www/tests/Feature/MagicPin/MagicPinTest.php" line="105" assertions="5" time="0.758970"/>
        <testcase name="testPostMagicPinWithoutData" class="Tests\Feature\MagicPin\MagicPinTest" classname="Tests.Feature.MagicPin.MagicPinTest" file="/var/www/tests/Feature/MagicPin/MagicPinTest.php" line="123" assertions="5" time="0.748230"/>
        <testcase name="testPostMagicPin" class="Tests\Feature\MagicPin\MagicPinTest" classname="Tests.Feature.MagicPin.MagicPinTest" file="/var/www/tests/Feature/MagicPin/MagicPinTest.php" line="137" assertions="8" time="0.784810"/>
        <testcase name="testDeleteMagicPin" class="Tests\Feature\MagicPin\MagicPinTest" classname="Tests.Feature.MagicPin.MagicPinTest" file="/var/www/tests/Feature/MagicPin/MagicPinTest.php" line="161" assertions="7" time="0.827948"/>
        <testcase name="testDeleteMagicPinForUser" class="Tests\Feature\MagicPin\MagicPinTest" classname="Tests.Feature.MagicPin.MagicPinTest" file="/var/www/tests/Feature/MagicPin/MagicPinTest.php" line="178" assertions="5" time="0.935964"/>
        <testcase name="testDeleteMagicPinNotFound" class="Tests\Feature\MagicPin\MagicPinTest" classname="Tests.Feature.MagicPin.MagicPinTest" file="/var/www/tests/Feature/MagicPin/MagicPinTest.php" line="192" assertions="5" time="0.866090"/>
        <testcase name="testFilterMagicpin" class="Tests\Feature\MagicPin\MagicPinTest" classname="Tests.Feature.MagicPin.MagicPinTest" file="/var/www/tests/Feature/MagicPin/MagicPinTest.php" line="205" assertions="6" time="0.867075"/>
      </testsuite>
      <testsuite name="Tests\Feature\Magiclink\MagiclinkTest" file="/var/www/tests/Feature/Magiclink/MagiclinkTest.php" tests="12" assertions="72" errors="0" warnings="0" failures="0" skipped="0" time="9.484740">
        <testcase name="testGetMagiclinkWithoutAuth" class="Tests\Feature\Magiclink\MagiclinkTest" classname="Tests.Feature.Magiclink.MagiclinkTest" file="/var/www/tests/Feature/Magiclink/MagiclinkTest.php" line="44" assertions="5" time="0.642743"/>
        <testcase name="testPostMagiclinkWithoutAuth" class="Tests\Feature\Magiclink\MagiclinkTest" classname="Tests.Feature.Magiclink.MagiclinkTest" file="/var/www/tests/Feature/Magiclink/MagiclinkTest.php" line="54" assertions="5" time="0.616989"/>
        <testcase name="testDeleteMagiclinkWithoutAuth" class="Tests\Feature\Magiclink\MagiclinkTest" classname="Tests.Feature.Magiclink.MagiclinkTest" file="/var/www/tests/Feature/Magiclink/MagiclinkTest.php" line="65" assertions="5" time="0.614159"/>
        <testcase name="testGetMagiclink" class="Tests\Feature\Magiclink\MagiclinkTest" classname="Tests.Feature.Magiclink.MagiclinkTest" file="/var/www/tests/Feature/Magiclink/MagiclinkTest.php" line="75" assertions="8" time="0.795577"/>
        <testcase name="testGetMagiclinkById" class="Tests\Feature\Magiclink\MagiclinkTest" classname="Tests.Feature.Magiclink.MagiclinkTest" file="/var/www/tests/Feature/Magiclink/MagiclinkTest.php" line="92" assertions="8" time="0.857398"/>
        <testcase name="testPostMagiclinkWithWrongData" class="Tests\Feature\Magiclink\MagiclinkTest" classname="Tests.Feature.Magiclink.MagiclinkTest" file="/var/www/tests/Feature/Magiclink/MagiclinkTest.php" line="111" assertions="5" time="0.798749"/>
        <testcase name="testPostMagiclinkWithoutData" class="Tests\Feature\Magiclink\MagiclinkTest" classname="Tests.Feature.Magiclink.MagiclinkTest" file="/var/www/tests/Feature/Magiclink/MagiclinkTest.php" line="130" assertions="5" time="0.892317"/>
        <testcase name="testPostMagiclink" class="Tests\Feature\Magiclink\MagiclinkTest" classname="Tests.Feature.Magiclink.MagiclinkTest" file="/var/www/tests/Feature/Magiclink/MagiclinkTest.php" line="144" assertions="8" time="0.921827"/>
        <testcase name="testDeleteMagiclink" class="Tests\Feature\Magiclink\MagiclinkTest" classname="Tests.Feature.Magiclink.MagiclinkTest" file="/var/www/tests/Feature/Magiclink/MagiclinkTest.php" line="170" assertions="7" time="0.861914"/>
        <testcase name="testDeleteMagiclinkForUser" class="Tests\Feature\Magiclink\MagiclinkTest" classname="Tests.Feature.Magiclink.MagiclinkTest" file="/var/www/tests/Feature/Magiclink/MagiclinkTest.php" line="187" assertions="5" time="0.835371"/>
        <testcase name="testDeleteMagiclinkNotFound" class="Tests\Feature\Magiclink\MagiclinkTest" classname="Tests.Feature.Magiclink.MagiclinkTest" file="/var/www/tests/Feature/Magiclink/MagiclinkTest.php" line="202" assertions="5" time="0.800503"/>
        <testcase name="testFilterMagiclink" class="Tests\Feature\Magiclink\MagiclinkTest" classname="Tests.Feature.Magiclink.MagiclinkTest" file="/var/www/tests/Feature/Magiclink/MagiclinkTest.php" line="214" assertions="6" time="0.847193"/>
      </testsuite>
      <testsuite name="Tests\Feature\OffensiveWords\OffensiveWordsTest" file="/var/www/tests/Feature/OffensiveWords/OffensiveWordsTest.php" tests="2" assertions="4" errors="0" warnings="0" failures="0" skipped="0" time="1.553225">
        <testcase name="testGetOffensiveWord" class="Tests\Feature\OffensiveWords\OffensiveWordsTest" classname="Tests.Feature.OffensiveWords.OffensiveWordsTest" file="/var/www/tests/Feature/OffensiveWords/OffensiveWordsTest.php" line="27" assertions="2" time="0.908767"/>
        <testcase name="testGetOffensiveWithoutAuth" class="Tests\Feature\OffensiveWords\OffensiveWordsTest" classname="Tests.Feature.OffensiveWords.OffensiveWordsTest" file="/var/www/tests/Feature/OffensiveWords/OffensiveWordsTest.php" line="41" assertions="2" time="0.644458"/>
      </testsuite>
      <testsuite name="Tests\Feature\Panorama\PanoramaTest" file="/var/www/tests/Feature/Panorama/PanoramaTest.php" tests="12" assertions="64" errors="0" warnings="0" failures="0" skipped="0" time="11.826395">
        <testcase name="testGetPanoramaWithoutAuth" class="Tests\Feature\Panorama\PanoramaTest" classname="Tests.Feature.Panorama.PanoramaTest" file="/var/www/tests/Feature/Panorama/PanoramaTest.php" line="45" assertions="4" time="0.629110"/>
        <testcase name="testPostPanoramaWithoutAuth" class="Tests\Feature\Panorama\PanoramaTest" classname="Tests.Feature.Panorama.PanoramaTest" file="/var/www/tests/Feature/Panorama/PanoramaTest.php" line="55" assertions="4" time="0.599188"/>
        <testcase name="testPutPanoramaWithoutAuth" class="Tests\Feature\Panorama\PanoramaTest" classname="Tests.Feature.Panorama.PanoramaTest" file="/var/www/tests/Feature/Panorama/PanoramaTest.php" line="65" assertions="4" time="0.803266"/>
        <testcase name="testDeletePanoramaWithoutAuth" class="Tests\Feature\Panorama\PanoramaTest" classname="Tests.Feature.Panorama.PanoramaTest" file="/var/www/tests/Feature/Panorama/PanoramaTest.php" line="77" assertions="4" time="0.781855"/>
        <testcase name="testGetPanorama" class="Tests\Feature\Panorama\PanoramaTest" classname="Tests.Feature.Panorama.PanoramaTest" file="/var/www/tests/Feature/Panorama/PanoramaTest.php" line="89" assertions="7" time="0.922489"/>
        <testcase name="testGetPanoramaById" class="Tests\Feature\Panorama\PanoramaTest" classname="Tests.Feature.Panorama.PanoramaTest" file="/var/www/tests/Feature/Panorama/PanoramaTest.php" line="106" assertions="7" time="0.933120"/>
        <testcase name="testPutPanoramaById" class="Tests\Feature\Panorama\PanoramaTest" classname="Tests.Feature.Panorama.PanoramaTest" file="/var/www/tests/Feature/Panorama/PanoramaTest.php" line="123" assertions="7" time="1.076727"/>
        <testcase name="testPutPanoramaByIdForUser" class="Tests\Feature\Panorama\PanoramaTest" classname="Tests.Feature.Panorama.PanoramaTest" file="/var/www/tests/Feature/Panorama/PanoramaTest.php" line="149" assertions="4" time="1.053627"/>
        <testcase name="testPutPanoramaByIdWithWrongData" class="Tests\Feature\Panorama\PanoramaTest" classname="Tests.Feature.Panorama.PanoramaTest" file="/var/www/tests/Feature/Panorama/PanoramaTest.php" line="168" assertions="4" time="0.936577"/>
        <testcase name="testDeletePanoramaById" class="Tests\Feature\Panorama\PanoramaTest" classname="Tests.Feature.Panorama.PanoramaTest" file="/var/www/tests/Feature/Panorama/PanoramaTest.php" line="187" assertions="5" time="0.925016"/>
        <testcase name="testDeletePanoramaByIdForUser" class="Tests\Feature\Panorama\PanoramaTest" classname="Tests.Feature.Panorama.PanoramaTest" file="/var/www/tests/Feature/Panorama/PanoramaTest.php" line="206" assertions="4" time="0.911847"/>
        <testcase name="testFilterPanorama" class="Tests\Feature\Panorama\PanoramaTest" classname="Tests.Feature.Panorama.PanoramaTest" file="/var/www/tests/Feature/Panorama/PanoramaTest.php" line="223" assertions="10" time="2.253572"/>
      </testsuite>
      <testsuite name="Tests\Feature\Permission\PermissionTest" file="/var/www/tests/Feature/Permission/PermissionTest.php" tests="12" assertions="44" errors="0" warnings="0" failures="0" skipped="0" time="9.520934">
        <testcase name="testGetPermissionWithoutAuth" class="Tests\Feature\Permission\PermissionTest" classname="Tests.Feature.Permission.PermissionTest" file="/var/www/tests/Feature/Permission/PermissionTest.php" line="28" assertions="2" time="0.613029"/>
        <testcase name="testAddUserPermissionWithoutAuth" class="Tests\Feature\Permission\PermissionTest" classname="Tests.Feature.Permission.PermissionTest" file="/var/www/tests/Feature/Permission/PermissionTest.php" line="38" assertions="2" time="0.784031"/>
        <testcase name="testDeleteUserPermissionWithoutAuth" class="Tests\Feature\Permission\PermissionTest" classname="Tests.Feature.Permission.PermissionTest" file="/var/www/tests/Feature/Permission/PermissionTest.php" line="52" assertions="2" time="0.846709"/>
        <testcase name="testAddRolePermissionWithoutAuth" class="Tests\Feature\Permission\PermissionTest" classname="Tests.Feature.Permission.PermissionTest" file="/var/www/tests/Feature/Permission/PermissionTest.php" line="66" assertions="2" time="0.741356"/>
        <testcase name="testDeleteRolePermissionWithoutAuth" class="Tests\Feature\Permission\PermissionTest" classname="Tests.Feature.Permission.PermissionTest" file="/var/www/tests/Feature/Permission/PermissionTest.php" line="80" assertions="2" time="0.682089"/>
        <testcase name="testGetPermission" class="Tests\Feature\Permission\PermissionTest" classname="Tests.Feature.Permission.PermissionTest" file="/var/www/tests/Feature/Permission/PermissionTest.php" line="94" assertions="12" time="0.964580"/>
        <testcase name="testGetPermissionForUser" class="Tests\Feature\Permission\PermissionTest" classname="Tests.Feature.Permission.PermissionTest" file="/var/www/tests/Feature/Permission/PermissionTest.php" line="126" assertions="2" time="0.793379"/>
        <testcase name="testAddUserPermission" class="Tests\Feature\Permission\PermissionTest" classname="Tests.Feature.Permission.PermissionTest" file="/var/www/tests/Feature/Permission/PermissionTest.php" line="140" assertions="4" time="0.900116"/>
        <testcase name="testDeleteUserPermission" class="Tests\Feature\Permission\PermissionTest" classname="Tests.Feature.Permission.PermissionTest" file="/var/www/tests/Feature/Permission/PermissionTest.php" line="171" assertions="4" time="0.903084"/>
        <testcase name="testAddRolePermission" class="Tests\Feature\Permission\PermissionTest" classname="Tests.Feature.Permission.PermissionTest" file="/var/www/tests/Feature/Permission/PermissionTest.php" line="202" assertions="4" time="0.759986"/>
        <testcase name="testDeleteRolePermission" class="Tests\Feature\Permission\PermissionTest" classname="Tests.Feature.Permission.PermissionTest" file="/var/www/tests/Feature/Permission/PermissionTest.php" line="233" assertions="4" time="0.763094"/>
        <testcase name="testFilterPermission" class="Tests\Feature\Permission\PermissionTest" classname="Tests.Feature.Permission.PermissionTest" file="/var/www/tests/Feature/Permission/PermissionTest.php" line="264" assertions="4" time="0.769481"/>
      </testsuite>
      <testsuite name="Tests\Feature\Quest\QuestTest" file="/var/www/tests/Feature/Quest/QuestTest.php" tests="38" assertions="157" errors="0" warnings="0" failures="0" skipped="0" time="36.916127">
        <testcase name="testGetQuestWithoutAuth" class="Tests\Feature\Quest\QuestTest" classname="Tests.Feature.Quest.QuestTest" file="/var/www/tests/Feature/Quest/QuestTest.php" line="67" assertions="3" time="0.615125"/>
        <testcase name="testPostQuestWithoutAuth" class="Tests\Feature\Quest\QuestTest" classname="Tests.Feature.Quest.QuestTest" file="/var/www/tests/Feature/Quest/QuestTest.php" line="77" assertions="3" time="0.670511"/>
        <testcase name="testPutQuestWithoutAuth" class="Tests\Feature\Quest\QuestTest" classname="Tests.Feature.Quest.QuestTest" file="/var/www/tests/Feature/Quest/QuestTest.php" line="87" assertions="3" time="0.754883"/>
        <testcase name="testDeleteQuestWithoutAuth" class="Tests\Feature\Quest\QuestTest" classname="Tests.Feature.Quest.QuestTest" file="/var/www/tests/Feature/Quest/QuestTest.php" line="97" assertions="3" time="0.696789"/>
        <testcase name="testPostQuestStepWithoutAuth" class="Tests\Feature\Quest\QuestTest" classname="Tests.Feature.Quest.QuestTest" file="/var/www/tests/Feature/Quest/QuestTest.php" line="107" assertions="3" time="0.630813"/>
        <testcase name="testPutQuestStepWithoutAuth" class="Tests\Feature\Quest\QuestTest" classname="Tests.Feature.Quest.QuestTest" file="/var/www/tests/Feature/Quest/QuestTest.php" line="117" assertions="3" time="0.637339"/>
        <testcase name="testDeleteQuestStepWithoutAuth" class="Tests\Feature\Quest\QuestTest" classname="Tests.Feature.Quest.QuestTest" file="/var/www/tests/Feature/Quest/QuestTest.php" line="127" assertions="3" time="0.598328"/>
        <testcase name="testPostRewardWithoutAuth" class="Tests\Feature\Quest\QuestTest" classname="Tests.Feature.Quest.QuestTest" file="/var/www/tests/Feature/Quest/QuestTest.php" line="137" assertions="3" time="0.620894"/>
        <testcase name="testPutRewardWithoutAuth" class="Tests\Feature\Quest\QuestTest" classname="Tests.Feature.Quest.QuestTest" file="/var/www/tests/Feature/Quest/QuestTest.php" line="147" assertions="3" time="0.603225"/>
        <testcase name="testDeleteRewardWithoutAuth" class="Tests\Feature\Quest\QuestTest" classname="Tests.Feature.Quest.QuestTest" file="/var/www/tests/Feature/Quest/QuestTest.php" line="158" assertions="3" time="0.607040"/>
        <testcase name="testGetQuest" class="Tests\Feature\Quest\QuestTest" classname="Tests.Feature.Quest.QuestTest" file="/var/www/tests/Feature/Quest/QuestTest.php" line="168" assertions="6" time="0.975443"/>
        <testcase name="testGetQuestById" class="Tests\Feature\Quest\QuestTest" classname="Tests.Feature.Quest.QuestTest" file="/var/www/tests/Feature/Quest/QuestTest.php" line="185" assertions="6" time="0.962516"/>
        <testcase name="testPostQuest" class="Tests\Feature\Quest\QuestTest" classname="Tests.Feature.Quest.QuestTest" file="/var/www/tests/Feature/Quest/QuestTest.php" line="203" assertions="6" time="1.052990"/>
        <testcase name="testPostQuestWithWrongData" class="Tests\Feature\Quest\QuestTest" classname="Tests.Feature.Quest.QuestTest" file="/var/www/tests/Feature/Quest/QuestTest.php" line="228" assertions="3" time="0.871250"/>
        <testcase name="testPostQuestWithoutData" class="Tests\Feature\Quest\QuestTest" classname="Tests.Feature.Quest.QuestTest" file="/var/www/tests/Feature/Quest/QuestTest.php" line="249" assertions="3" time="0.782954"/>
        <testcase name="testPostQuestForUserWithouCoins" class="Tests\Feature\Quest\QuestTest" classname="Tests.Feature.Quest.QuestTest" file="/var/www/tests/Feature/Quest/QuestTest.php" line="263" assertions="3" time="0.946499"/>
        <testcase name="testPutQuest" class="Tests\Feature\Quest\QuestTest" classname="Tests.Feature.Quest.QuestTest" file="/var/www/tests/Feature/Quest/QuestTest.php" line="286" assertions="6" time="1.262601"/>
        <testcase name="testPutQuestForUser" class="Tests\Feature\Quest\QuestTest" classname="Tests.Feature.Quest.QuestTest" file="/var/www/tests/Feature/Quest/QuestTest.php" line="310" assertions="3" time="1.287912"/>
        <testcase name="testPutQuestWithWrongData" class="Tests\Feature\Quest\QuestTest" classname="Tests.Feature.Quest.QuestTest" file="/var/www/tests/Feature/Quest/QuestTest.php" line="330" assertions="3" time="0.952650"/>
        <testcase name="testDeleteQuest" class="Tests\Feature\Quest\QuestTest" classname="Tests.Feature.Quest.QuestTest" file="/var/www/tests/Feature/Quest/QuestTest.php" line="350" assertions="5" time="0.941760"/>
        <testcase name="testDeleteQuestForUser" class="Tests\Feature\Quest\QuestTest" classname="Tests.Feature.Quest.QuestTest" file="/var/www/tests/Feature/Quest/QuestTest.php" line="367" assertions="3" time="0.914976"/>
        <testcase name="testDeleteQuestNotFound" class="Tests\Feature\Quest\QuestTest" classname="Tests.Feature.Quest.QuestTest" file="/var/www/tests/Feature/Quest/QuestTest.php" line="381" assertions="3" time="0.742221"/>
        <testcase name="testQuestAccepted" class="Tests\Feature\Quest\QuestTest" classname="Tests.Feature.Quest.QuestTest" file="/var/www/tests/Feature/Quest/QuestTest.php" line="394" assertions="4" time="0.956337"/>
        <testcase name="testPostQuestSteps" class="Tests\Feature\Quest\QuestTest" classname="Tests.Feature.Quest.QuestTest" file="/var/www/tests/Feature/Quest/QuestTest.php" line="411" assertions="6" time="1.094109"/>
        <testcase name="testPostQuestStepsWithWrongData" class="Tests\Feature\Quest\QuestTest" classname="Tests.Feature.Quest.QuestTest" file="/var/www/tests/Feature/Quest/QuestTest.php" line="436" assertions="3" time="0.953407"/>
        <testcase name="testPutQuestSteps" class="Tests\Feature\Quest\QuestTest" classname="Tests.Feature.Quest.QuestTest" file="/var/www/tests/Feature/Quest/QuestTest.php" line="459" assertions="6" time="1.070964"/>
        <testcase name="testDeleteQuestSteps" class="Tests\Feature\Quest\QuestTest" classname="Tests.Feature.Quest.QuestTest" file="/var/www/tests/Feature/Quest/QuestTest.php" line="484" assertions="4" time="0.933997"/>
        <testcase name="testQuestStepsAccept" class="Tests\Feature\Quest\QuestTest" classname="Tests.Feature.Quest.QuestTest" file="/var/www/tests/Feature/Quest/QuestTest.php" line="503" assertions="4" time="1.028710"/>
        <testcase name="testPostRewards" class="Tests\Feature\Quest\QuestTest" classname="Tests.Feature.Quest.QuestTest" file="/var/www/tests/Feature/Quest/QuestTest.php" line="524" assertions="6" time="1.279741"/>
        <testcase name="testPostRewardsWithWrongData" class="Tests\Feature\Quest\QuestTest" classname="Tests.Feature.Quest.QuestTest" file="/var/www/tests/Feature/Quest/QuestTest.php" line="553" assertions="3" time="0.788460"/>
        <testcase name="testPutRewards" class="Tests\Feature\Quest\QuestTest" classname="Tests.Feature.Quest.QuestTest" file="/var/www/tests/Feature/Quest/QuestTest.php" line="573" assertions="6" time="1.214068"/>
        <testcase name="testDeleteRewards" class="Tests\Feature\Quest\QuestTest" classname="Tests.Feature.Quest.QuestTest" file="/var/www/tests/Feature/Quest/QuestTest.php" line="603" assertions="4" time="0.948690"/>
        <testcase name="testQuestAcceptedIsStarted" class="Tests\Feature\Quest\QuestTest" classname="Tests.Feature.Quest.QuestTest" file="/var/www/tests/Feature/Quest/QuestTest.php" line="628" assertions="4" time="0.997640"/>
        <testcase name="testQuestAcceptedIsFinished" class="Tests\Feature\Quest\QuestTest" classname="Tests.Feature.Quest.QuestTest" file="/var/www/tests/Feature/Quest/QuestTest.php" line="647" assertions="4" time="1.123265"/>
        <testcase name="testQuestAcceptedIsLimitWinnersExceeded" class="Tests\Feature\Quest\QuestTest" classname="Tests.Feature.Quest.QuestTest" file="/var/www/tests/Feature/Quest/QuestTest.php" line="666" assertions="4" time="0.959537"/>
        <testcase name="testQuestAcceptedIsLimitParticipantsExceeded" class="Tests\Feature\Quest\QuestTest" classname="Tests.Feature.Quest.QuestTest" file="/var/www/tests/Feature/Quest/QuestTest.php" line="686" assertions="4" time="0.952929"/>
        <testcase name="testQuestAcceptedParticipants" class="Tests\Feature\Quest\QuestTest" classname="Tests.Feature.Quest.QuestTest" file="/var/www/tests/Feature/Quest/QuestTest.php" line="707" assertions="4" time="0.919497"/>
        <testcase name="testFilterQuest" class="Tests\Feature\Quest\QuestTest" classname="Tests.Feature.Quest.QuestTest" file="/var/www/tests/Feature/Quest/QuestTest.php" line="727" assertions="11" time="3.566057"/>
      </testsuite>
      <testsuite name="Tests\Feature\Role\RoleTest" file="/var/www/tests/Feature/Role/RoleTest.php" tests="16" assertions="43" errors="0" warnings="0" failures="0" skipped="0" time="12.375416">
        <testcase name="testGetRoleWithoutAuth" class="Tests\Feature\Role\RoleTest" classname="Tests.Feature.Role.RoleTest" file="/var/www/tests/Feature/Role/RoleTest.php" line="28" assertions="2" time="0.667409"/>
        <testcase name="testPostRoleWithoutAuth" class="Tests\Feature\Role\RoleTest" classname="Tests.Feature.Role.RoleTest" file="/var/www/tests/Feature/Role/RoleTest.php" line="38" assertions="2" time="0.603100"/>
        <testcase name="testPutRoleWithoutAuth" class="Tests\Feature\Role\RoleTest" classname="Tests.Feature.Role.RoleTest" file="/var/www/tests/Feature/Role/RoleTest.php" line="48" assertions="2" time="0.676601"/>
        <testcase name="testDeleteRoleWithoutAuth" class="Tests\Feature\Role\RoleTest" classname="Tests.Feature.Role.RoleTest" file="/var/www/tests/Feature/Role/RoleTest.php" line="60" assertions="2" time="0.617693"/>
        <testcase name="testGetRoleForUser" class="Tests\Feature\Role\RoleTest" classname="Tests.Feature.Role.RoleTest" file="/var/www/tests/Feature/Role/RoleTest.php" line="72" assertions="2" time="0.755496"/>
        <testcase name="testPostRoleForUser" class="Tests\Feature\Role\RoleTest" classname="Tests.Feature.Role.RoleTest" file="/var/www/tests/Feature/Role/RoleTest.php" line="86" assertions="2" time="0.778311"/>
        <testcase name="testPutRoleForUser" class="Tests\Feature\Role\RoleTest" classname="Tests.Feature.Role.RoleTest" file="/var/www/tests/Feature/Role/RoleTest.php" line="100" assertions="2" time="0.905858"/>
        <testcase name="testDeleteRoleForUser" class="Tests\Feature\Role\RoleTest" classname="Tests.Feature.Role.RoleTest" file="/var/www/tests/Feature/Role/RoleTest.php" line="116" assertions="2" time="0.846017"/>
        <testcase name="testGetRoles" class="Tests\Feature\Role\RoleTest" classname="Tests.Feature.Role.RoleTest" file="/var/www/tests/Feature/Role/RoleTest.php" line="132" assertions="8" time="0.811331"/>
        <testcase name="testPostRole" class="Tests\Feature\Role\RoleTest" classname="Tests.Feature.Role.RoleTest" file="/var/www/tests/Feature/Role/RoleTest.php" line="158" assertions="4" time="0.728895"/>
        <testcase name="testPostRoleWithoutData" class="Tests\Feature\Role\RoleTest" classname="Tests.Feature.Role.RoleTest" file="/var/www/tests/Feature/Role/RoleTest.php" line="188" assertions="2" time="0.752710"/>
        <testcase name="testPostRoleAdmin" class="Tests\Feature\Role\RoleTest" classname="Tests.Feature.Role.RoleTest" file="/var/www/tests/Feature/Role/RoleTest.php" line="202" assertions="2" time="0.776436"/>
        <testcase name="testPutRoleById" class="Tests\Feature\Role\RoleTest" classname="Tests.Feature.Role.RoleTest" file="/var/www/tests/Feature/Role/RoleTest.php" line="220" assertions="3" time="0.778832"/>
        <testcase name="testPutRoleAdminById" class="Tests\Feature\Role\RoleTest" classname="Tests.Feature.Role.RoleTest" file="/var/www/tests/Feature/Role/RoleTest.php" line="245" assertions="2" time="0.867540"/>
        <testcase name="testDeleteRoleById" class="Tests\Feature\Role\RoleTest" classname="Tests.Feature.Role.RoleTest" file="/var/www/tests/Feature/Role/RoleTest.php" line="264" assertions="3" time="0.850102"/>
        <testcase name="testFilterRole" class="Tests\Feature\Role\RoleTest" classname="Tests.Feature.Role.RoleTest" file="/var/www/tests/Feature/Role/RoleTest.php" line="280" assertions="3" time="0.959085"/>
      </testsuite>
      <testsuite name="Tests\Feature\Session\SessionTest" file="/var/www/tests/Feature/Session/SessionTest.php" tests="9" assertions="23" errors="0" warnings="0" failures="0" skipped="0" time="6.980323">
        <testcase name="testPostSessionWithoutAuth" class="Tests\Feature\Session\SessionTest" classname="Tests.Feature.Session.SessionTest" file="/var/www/tests/Feature/Session/SessionTest.php" line="28" assertions="2" time="0.602690"/>
        <testcase name="testShowSessionWithoutAuth" class="Tests\Feature\Session\SessionTest" classname="Tests.Feature.Session.SessionTest" file="/var/www/tests/Feature/Session/SessionTest.php" line="38" assertions="2" time="0.600668"/>
        <testcase name="testDeleteSessionWithoutAuth" class="Tests\Feature\Session\SessionTest" classname="Tests.Feature.Session.SessionTest" file="/var/www/tests/Feature/Session/SessionTest.php" line="50" assertions="2" time="0.625497"/>
        <testcase name="testShowSession" class="Tests\Feature\Session\SessionTest" classname="Tests.Feature.Session.SessionTest" file="/var/www/tests/Feature/Session/SessionTest.php" line="62" assertions="3" time="0.756011"/>
        <testcase name="testPostSession" class="Tests\Feature\Session\SessionTest" classname="Tests.Feature.Session.SessionTest" file="/var/www/tests/Feature/Session/SessionTest.php" line="85" assertions="4" time="0.800340"/>
        <testcase name="testPostSessionWithWrongData" class="Tests\Feature\Session\SessionTest" classname="Tests.Feature.Session.SessionTest" file="/var/www/tests/Feature/Session/SessionTest.php" line="116" assertions="2" time="0.769247"/>
        <testcase name="testPostSessionWithWrongCSR" class="Tests\Feature\Session\SessionTest" classname="Tests.Feature.Session.SessionTest" file="/var/www/tests/Feature/Session/SessionTest.php" line="135" assertions="2" time="0.898524"/>
        <testcase name="testDeleteSession" class="Tests\Feature\Session\SessionTest" classname="Tests.Feature.Session.SessionTest" file="/var/www/tests/Feature/Session/SessionTest.php" line="154" assertions="4" time="1.042081"/>
        <testcase name="testDeleteSessionWithWrongSecret" class="Tests\Feature\Session\SessionTest" classname="Tests.Feature.Session.SessionTest" file="/var/www/tests/Feature/Session/SessionTest.php" line="175" assertions="2" time="0.885265"/>
      </testsuite>
      <testsuite name="Tests\Feature\User\UserTest" file="/var/www/tests/Feature/User/UserTest.php" tests="20" assertions="82" errors="0" warnings="0" failures="0" skipped="0" time="19.543110">
        <testcase name="testUserGetWithoutAuthorization" class="Tests\Feature\User\UserTest" classname="Tests.Feature.User.UserTest" file="/var/www/tests/Feature/User/UserTest.php" line="39" assertions="3" time="0.729807"/>
        <testcase name="testUserPostWithoutAuthorization" class="Tests\Feature\User\UserTest" classname="Tests.Feature.User.UserTest" file="/var/www/tests/Feature/User/UserTest.php" line="49" assertions="3" time="0.827477"/>
        <testcase name="testUserDeleteWithoutAuthorization" class="Tests\Feature\User\UserTest" classname="Tests.Feature.User.UserTest" file="/var/www/tests/Feature/User/UserTest.php" line="59" assertions="3" time="0.716938"/>
        <testcase name="testGetUsers" class="Tests\Feature\User\UserTest" classname="Tests.Feature.User.UserTest" file="/var/www/tests/Feature/User/UserTest.php" line="69" assertions="3" time="0.840371"/>
        <testcase name="testGetUsersForAdmin" class="Tests\Feature\User\UserTest" classname="Tests.Feature.User.UserTest" file="/var/www/tests/Feature/User/UserTest.php" line="83" assertions="6" time="0.831810"/>
        <testcase name="testGetUsersById" class="Tests\Feature\User\UserTest" classname="Tests.Feature.User.UserTest" file="/var/www/tests/Feature/User/UserTest.php" line="95" assertions="3" time="0.995046"/>
        <testcase name="testGetUsersByIdForAdmin" class="Tests\Feature\User\UserTest" classname="Tests.Feature.User.UserTest" file="/var/www/tests/Feature/User/UserTest.php" line="107" assertions="6" time="1.032013"/>
        <testcase name="testGetUsersByIdNotFound" class="Tests\Feature\User\UserTest" classname="Tests.Feature.User.UserTest" file="/var/www/tests/Feature/User/UserTest.php" line="120" assertions="3" time="0.819255"/>
        <testcase name="testUpdateUsersByIdNotFound" class="Tests\Feature\User\UserTest" classname="Tests.Feature.User.UserTest" file="/var/www/tests/Feature/User/UserTest.php" line="137" assertions="3" time="0.940481"/>
        <testcase name="testUpdateUsersById" class="Tests\Feature\User\UserTest" classname="Tests.Feature.User.UserTest" file="/var/www/tests/Feature/User/UserTest.php" line="161" assertions="6" time="0.982589"/>
        <testcase name="testUpdateUsersByIdWithWrongData" class="Tests\Feature\User\UserTest" classname="Tests.Feature.User.UserTest" file="/var/www/tests/Feature/User/UserTest.php" line="183" assertions="3" time="0.917621"/>
        <testcase name="testUpdateUsersByIdWithoutRights" class="Tests\Feature\User\UserTest" classname="Tests.Feature.User.UserTest" file="/var/www/tests/Feature/User/UserTest.php" line="203" assertions="3" time="1.048877"/>
        <testcase name="testUpdateUsersByForAdmin" class="Tests\Feature\User\UserTest" classname="Tests.Feature.User.UserTest" file="/var/www/tests/Feature/User/UserTest.php" line="216" assertions="6" time="1.155921"/>
        <testcase name="testDeleteUsersById" class="Tests\Feature\User\UserTest" classname="Tests.Feature.User.UserTest" file="/var/www/tests/Feature/User/UserTest.php" line="239" assertions="4" time="0.902847"/>
        <testcase name="testDeleteUsersByIdNotFound" class="Tests\Feature\User\UserTest" classname="Tests.Feature.User.UserTest" file="/var/www/tests/Feature/User/UserTest.php" line="254" assertions="3" time="0.968224"/>
        <testcase name="testDeleteUsersByIdWithoutRights" class="Tests\Feature\User\UserTest" classname="Tests.Feature.User.UserTest" file="/var/www/tests/Feature/User/UserTest.php" line="270" assertions="3" time="1.054706"/>
        <testcase name="testDeleteUsersByForAdmin" class="Tests\Feature\User\UserTest" classname="Tests.Feature.User.UserTest" file="/var/www/tests/Feature/User/UserTest.php" line="283" assertions="4" time="1.146942"/>
        <testcase name="testAddFriend" class="Tests\Feature\User\UserTest" classname="Tests.Feature.User.UserTest" file="/var/www/tests/Feature/User/UserTest.php" line="301" assertions="7" time="1.132890"/>
        <testcase name="testDeleteFriend" class="Tests\Feature\User\UserTest" classname="Tests.Feature.User.UserTest" file="/var/www/tests/Feature/User/UserTest.php" line="337" assertions="4" time="1.239540"/>
        <testcase name="testAddAndDeleteBan" class="Tests\Feature\User\UserTest" classname="Tests.Feature.User.UserTest" file="/var/www/tests/Feature/User/UserTest.php" line="367" assertions="6" time="1.259756"/>
      </testsuite>
      <testsuite name="Tests\Feature\UserAvatar\UserAvatarTest" file="/var/www/tests/Feature/UserAvatar/UserAvatarTest.php" tests="24" assertions="146" errors="0" warnings="0" failures="0" skipped="0" time="22.834571">
        <testcase name="testGetUserAvatarWithoutAuth" class="Tests\Feature\UserAvatar\UserAvatarTest" classname="Tests.Feature.UserAvatar.UserAvatarTest" file="/var/www/tests/Feature/UserAvatar/UserAvatarTest.php" line="46" assertions="5" time="0.774951"/>
        <testcase name="testPostUserAvatarWithoutAuth" class="Tests\Feature\UserAvatar\UserAvatarTest" classname="Tests.Feature.UserAvatar.UserAvatarTest" file="/var/www/tests/Feature/UserAvatar/UserAvatarTest.php" line="56" assertions="5" time="0.871962"/>
        <testcase name="testPutUserAvatarWithoutAuth" class="Tests\Feature\UserAvatar\UserAvatarTest" classname="Tests.Feature.UserAvatar.UserAvatarTest" file="/var/www/tests/Feature/UserAvatar/UserAvatarTest.php" line="66" assertions="5" time="0.746483"/>
        <testcase name="testDeleteUserAvatarWithoutAuth" class="Tests\Feature\UserAvatar\UserAvatarTest" classname="Tests.Feature.UserAvatar.UserAvatarTest" file="/var/www/tests/Feature/UserAvatar/UserAvatarTest.php" line="76" assertions="5" time="0.773571"/>
        <testcase name="testUploadImageWithoutAuth" class="Tests\Feature\UserAvatar\UserAvatarTest" classname="Tests.Feature.UserAvatar.UserAvatarTest" file="/var/www/tests/Feature/UserAvatar/UserAvatarTest.php" line="86" assertions="5" time="1.166272"/>
        <testcase name="testDeleteImageWithoutAuth" class="Tests\Feature\UserAvatar\UserAvatarTest" classname="Tests.Feature.UserAvatar.UserAvatarTest" file="/var/www/tests/Feature/UserAvatar/UserAvatarTest.php" line="96" assertions="5" time="0.686601"/>
        <testcase name="testGetUserAvatar" class="Tests\Feature\UserAvatar\UserAvatarTest" classname="Tests.Feature.UserAvatar.UserAvatarTest" file="/var/www/tests/Feature/UserAvatar/UserAvatarTest.php" line="106" assertions="8" time="0.966261"/>
        <testcase name="testGetUserAvatarByID" class="Tests\Feature\UserAvatar\UserAvatarTest" classname="Tests.Feature.UserAvatar.UserAvatarTest" file="/var/www/tests/Feature/UserAvatar/UserAvatarTest.php" line="126" assertions="8" time="1.210903"/>
        <testcase name="testGetUserAvatarByIDNotFound" class="Tests\Feature\UserAvatar\UserAvatarTest" classname="Tests.Feature.UserAvatar.UserAvatarTest" file="/var/www/tests/Feature/UserAvatar/UserAvatarTest.php" line="146" assertions="5" time="0.877358"/>
        <testcase name="testPostUserAvatar" class="Tests\Feature\UserAvatar\UserAvatarTest" classname="Tests.Feature.UserAvatar.UserAvatarTest" file="/var/www/tests/Feature/UserAvatar/UserAvatarTest.php" line="159" assertions="8" time="1.033177"/>
        <testcase name="testPostUserAvatarWithoutAssetBundleId" class="Tests\Feature\UserAvatar\UserAvatarTest" classname="Tests.Feature.UserAvatar.UserAvatarTest" file="/var/www/tests/Feature/UserAvatar/UserAvatarTest.php" line="179" assertions="5" time="0.918568"/>
        <testcase name="testPutUserAvatar" class="Tests\Feature\UserAvatar\UserAvatarTest" classname="Tests.Feature.UserAvatar.UserAvatarTest" file="/var/www/tests/Feature/UserAvatar/UserAvatarTest.php" line="197" assertions="8" time="0.897289"/>
        <testcase name="testPutUserAvatarWithoutRights" class="Tests\Feature\UserAvatar\UserAvatarTest" classname="Tests.Feature.UserAvatar.UserAvatarTest" file="/var/www/tests/Feature/UserAvatar/UserAvatarTest.php" line="221" assertions="5" time="1.039088"/>
        <testcase name="testPutUserAvatarForAdmin" class="Tests\Feature\UserAvatar\UserAvatarTest" classname="Tests.Feature.UserAvatar.UserAvatarTest" file="/var/www/tests/Feature/UserAvatar/UserAvatarTest.php" line="243" assertions="8" time="1.004352"/>
        <testcase name="testDeleteUserAvatar" class="Tests\Feature\UserAvatar\UserAvatarTest" classname="Tests.Feature.UserAvatar.UserAvatarTest" file="/var/www/tests/Feature/UserAvatar/UserAvatarTest.php" line="268" assertions="6" time="0.892559"/>
        <testcase name="testDeleteUserAvatarWithoutRights" class="Tests\Feature\UserAvatar\UserAvatarTest" classname="Tests.Feature.UserAvatar.UserAvatarTest" file="/var/www/tests/Feature/UserAvatar/UserAvatarTest.php" line="289" assertions="5" time="1.016662"/>
        <testcase name="testDeleteUserAvatarForAdmin" class="Tests\Feature\UserAvatar\UserAvatarTest" classname="Tests.Feature.UserAvatar.UserAvatarTest" file="/var/www/tests/Feature/UserAvatar/UserAvatarTest.php" line="311" assertions="6" time="1.010562"/>
        <testcase name="testUploadImage" class="Tests\Feature\UserAvatar\UserAvatarTest" classname="Tests.Feature.UserAvatar.UserAvatarTest" file="/var/www/tests/Feature/UserAvatar/UserAvatarTest.php" line="336" assertions="8" time="1.087461"/>
        <testcase name="testUploadImageForUserWithoutModel" class="Tests\Feature\UserAvatar\UserAvatarTest" classname="Tests.Feature.UserAvatar.UserAvatarTest" file="/var/www/tests/Feature/UserAvatar/UserAvatarTest.php" line="362" assertions="8" time="1.155786"/>
        <testcase name="testDeleteImage" class="Tests\Feature\UserAvatar\UserAvatarTest" classname="Tests.Feature.UserAvatar.UserAvatarTest" file="/var/www/tests/Feature/UserAvatar/UserAvatarTest.php" line="393" assertions="5" time="0.975576"/>
        <testcase name="testDeleteImageForUserWithoutModel" class="Tests\Feature\UserAvatar\UserAvatarTest" classname="Tests.Feature.UserAvatar.UserAvatarTest" file="/var/www/tests/Feature/UserAvatar/UserAvatarTest.php" line="414" assertions="5" time="0.937356"/>
        <testcase name="testDeleteImageForUser" class="Tests\Feature\UserAvatar\UserAvatarTest" classname="Tests.Feature.UserAvatar.UserAvatarTest" file="/var/www/tests/Feature/UserAvatar/UserAvatarTest.php" line="435" assertions="5" time="0.795359"/>
        <testcase name="testUploadImageNotFound" class="Tests\Feature\UserAvatar\UserAvatarTest" classname="Tests.Feature.UserAvatar.UserAvatarTest" file="/var/www/tests/Feature/UserAvatar/UserAvatarTest.php" line="460" assertions="8" time="0.925446"/>
        <testcase name="testDeleteImageNotFound" class="Tests\Feature\UserAvatar\UserAvatarTest" classname="Tests.Feature.UserAvatar.UserAvatarTest" file="/var/www/tests/Feature/UserAvatar/UserAvatarTest.php" line="483" assertions="5" time="1.070968"/>
      </testsuite>
      <testsuite name="Tests\Feature\Video\VideoTest" file="/var/www/tests/Feature/Video/VideoTest.php" tests="12" assertions="54" errors="0" warnings="0" failures="0" skipped="0" time="11.318601">
        <testcase name="testGetVideoWithoutAuth" class="Tests\Feature\Video\VideoTest" classname="Tests.Feature.Video.VideoTest" file="/var/www/tests/Feature/Video/VideoTest.php" line="40" assertions="3" time="0.760070"/>
        <testcase name="testPostVideoWithoutAuth" class="Tests\Feature\Video\VideoTest" classname="Tests.Feature.Video.VideoTest" file="/var/www/tests/Feature/Video/VideoTest.php" line="50" assertions="3" time="0.695988"/>
        <testcase name="testPutVideoWithoutAuth" class="Tests\Feature\Video\VideoTest" classname="Tests.Feature.Video.VideoTest" file="/var/www/tests/Feature/Video/VideoTest.php" line="60" assertions="3" time="0.808954"/>
        <testcase name="testDeleteVideoWithoutAuth" class="Tests\Feature\Video\VideoTest" classname="Tests.Feature.Video.VideoTest" file="/var/www/tests/Feature/Video/VideoTest.php" line="71" assertions="3" time="0.781394"/>
        <testcase name="testGetVideo" class="Tests\Feature\Video\VideoTest" classname="Tests.Feature.Video.VideoTest" file="/var/www/tests/Feature/Video/VideoTest.php" line="83" assertions="6" time="1.099752"/>
        <testcase name="testGetVideoById" class="Tests\Feature\Video\VideoTest" classname="Tests.Feature.Video.VideoTest" file="/var/www/tests/Feature/Video/VideoTest.php" line="100" assertions="6" time="0.972093"/>
        <testcase name="testPutVideoById" class="Tests\Feature\Video\VideoTest" classname="Tests.Feature.Video.VideoTest" file="/var/www/tests/Feature/Video/VideoTest.php" line="117" assertions="6" time="1.154297"/>
        <testcase name="testPutVideoByIdForUser" class="Tests\Feature\Video\VideoTest" classname="Tests.Feature.Video.VideoTest" file="/var/www/tests/Feature/Video/VideoTest.php" line="140" assertions="3" time="1.025175"/>
        <testcase name="testPutVideoByIdWithWrongData" class="Tests\Feature\Video\VideoTest" classname="Tests.Feature.Video.VideoTest" file="/var/www/tests/Feature/Video/VideoTest.php" line="158" assertions="3" time="1.025337"/>
        <testcase name="testDeleteVideoById" class="Tests\Feature\Video\VideoTest" classname="Tests.Feature.Video.VideoTest" file="/var/www/tests/Feature/Video/VideoTest.php" line="177" assertions="5" time="1.015103"/>
        <testcase name="testDeleteVideoByIdForUser" class="Tests\Feature\Video\VideoTest" classname="Tests.Feature.Video.VideoTest" file="/var/www/tests/Feature/Video/VideoTest.php" line="196" assertions="3" time="0.980209"/>
        <testcase name="testAddTagsToVideo" class="Tests\Feature\Video\VideoTest" classname="Tests.Feature.Video.VideoTest" file="/var/www/tests/Feature/Video/VideoTest.php" line="212" assertions="10" time="1.000229"/>
      </testsuite>
    </testsuite>
  </testsuite>
</testsuites>
